<?xml version="1.0" encoding="UTF-8"?>
<coverage generated="1654012693184" clover="3.2.0">
  <project timestamp="1654012693185" name="All files">
    <metrics statements="25" coveredstatements="25" conditionals="3" coveredconditionals="3" methods="2" coveredmethods="2" elements="30" coveredelements="30" complexity="0" loc="25" ncloc="25" packages="1" files="1" classes="1"/>
    <file name="create-patient-use-case.ts" path="C:\Users\thyago.nunes\Desktop\menu-hss\server\src\use-cases\patients\create-patient-use-case.ts">
      <metrics statements="25" coveredstatements="25" conditionals="3" coveredconditionals="3" methods="2" coveredmethods="2"/>
      <line num="1" count="1" type="stmt"/>
      <line num="2" count="1" type="stmt"/>
      <line num="3" count="1" type="stmt"/>
      <line num="4" count="1" type="stmt"/>
      <line num="5" count="1" type="stmt"/>
      <line num="6" count="1" type="stmt"/>
      <line num="7" count="1" type="stmt"/>
      <line num="8" count="1" type="cond" truecount="1" falsecount="0"/>
      <line num="9" count="1" type="stmt"/>
      <line num="10" count="1" type="stmt"/>
      <line num="11" count="1" type="stmt"/>
      <line num="12" count="1" type="stmt"/>
      <line num="13" count="1" type="cond" truecount="1" falsecount="0"/>
      <line num="14" count="2" type="stmt"/>
      <line num="15" count="2" type="cond" truecount="1" falsecount="0"/>
      <line num="16" count="1" type="stmt"/>
      <line num="17" count="1" type="stmt"/>
      <line num="18" count="1" type="stmt"/>
      <line num="19" count="1" type="stmt"/>
      <line num="20" count="1" type="stmt"/>
      <line num="21" count="1" type="stmt"/>
      <line num="22" count="1" type="stmt"/>
      <line num="23" count="1" type="stmt"/>
      <line num="24" count="1" type="stmt"/>
      <line num="25" count="1" type="stmt"/>
    </file>
  </project>
</coverage>
