TN:
SF:src/use-cases/beds/create-bed-use-case.ts
FN:13,execute
FN:9,CreateBedUseCase
FNF:2
FNH:2
FNDA:2,execute
FNDA:1,CreateBedUseCase
DA:1,1
DA:2,1
DA:3,1
DA:4,1
DA:5,1
DA:6,1
DA:7,1
DA:8,1
DA:9,1
DA:10,1
DA:11,1
DA:12,1
DA:13,1
DA:14,2
DA:15,1
DA:16,1
DA:17,1
DA:18,1
DA:19,1
DA:20,1
DA:21,1
DA:22,1
LF:22
LH:22
BRDA:13,0,0,2
BRDA:14,1,0,1
BRDA:9,2,0,1
BRF:3
BRH:3
end_of_record
TN:
SF:src/use-cases/beds/delete-bed-use-case.ts
FN:12,delete
FN:8,DeleteBedUseCase
FNF:2
FNH:2
FNDA:2,delete
FNDA:1,DeleteBedUseCase
DA:1,1
DA:2,1
DA:3,1
DA:4,1
DA:5,1
DA:6,1
DA:7,1
DA:8,1
DA:9,1
DA:10,1
DA:11,1
DA:12,1
DA:13,2
DA:14,1
DA:15,1
DA:16,1
DA:17,1
DA:18,1
DA:19,1
DA:20,1
DA:21,1
LF:21
LH:21
BRDA:12,0,0,2
BRDA:13,1,0,1
BRDA:8,2,0,1
BRF:3
BRH:3
end_of_record
TN:
SF:src/use-cases/beds/list-beds-use-case.ts
FN:8,index
FN:4,ListBedsUseCase
FNF:2
FNH:2
FNDA:1,index
FNDA:1,ListBedsUseCase
DA:1,1
DA:2,1
DA:3,1
DA:4,1
DA:5,1
DA:6,1
DA:7,1
DA:8,1
DA:9,1
DA:10,1
DA:11,1
DA:12,1
DA:13,1
LF:13
LH:13
BRDA:8,0,0,1
BRDA:4,1,0,1
BRF:2
BRH:2
end_of_record
TN:
SF:src/use-cases/beds/occuped-beds-use-case.ts
FN:9,occuped
FN:5,OccupedBedsUseCase
FNF:2
FNH:2
FNDA:1,occuped
FNDA:1,OccupedBedsUseCase
DA:1,1
DA:2,1
DA:3,1
DA:4,1
DA:5,1
DA:6,1
DA:7,1
DA:8,1
DA:9,1
DA:10,1
DA:11,1
DA:12,1
DA:13,1
DA:14,1
DA:15,1
LF:15
LH:15
BRDA:9,0,0,1
BRDA:5,1,0,1
BRF:2
BRH:2
end_of_record
TN:
SF:src/use-cases/beds/show-bed-use-case.ts
FN:13,show
FN:9,ShowBedUseCase
FNF:2
FNH:2
FNDA:2,show
FNDA:1,ShowBedUseCase
DA:1,1
DA:2,1
DA:3,1
DA:4,1
DA:5,1
DA:6,1
DA:7,1
DA:8,1
DA:9,1
DA:10,1
DA:11,1
DA:12,1
DA:13,1
DA:14,2
DA:15,2
DA:16,1
DA:17,1
DA:18,1
DA:19,1
DA:20,1
DA:21,1
DA:22,1
DA:23,1
LF:23
LH:23
BRDA:13,0,0,2
BRDA:15,1,0,1
BRDA:9,2,0,1
BRF:3
BRH:3
end_of_record
TN:
SF:src/use-cases/beds/update-bed-use-case.ts
FN:14,update
FN:10,UpdateBedUseCase
FNF:2
FNH:2
FNDA:3,update
FNDA:1,UpdateBedUseCase
DA:1,1
DA:2,1
DA:3,1
DA:4,1
DA:5,1
DA:6,1
DA:7,1
DA:8,1
DA:9,1
DA:10,1
DA:11,1
DA:12,1
DA:13,1
DA:14,1
DA:15,3
DA:16,3
DA:17,1
DA:18,1
DA:19,3
DA:20,1
DA:21,1
DA:22,1
DA:23,1
DA:24,1
DA:25,1
DA:26,1
DA:27,1
LF:27
LH:27
BRDA:14,0,0,3
BRDA:16,1,0,1
BRDA:19,2,0,2
BRDA:19,3,0,1
BRDA:10,4,0,1
BRF:5
BRH:5
end_of_record
TN:
SF:src/use-cases/beds/vacant-beds-use-case.ts
FN:9,vacant
FN:5,VacantBedsUseCase
FNF:2
FNH:2
FNDA:1,vacant
FNDA:1,VacantBedsUseCase
DA:1,1
DA:2,1
DA:3,1
DA:4,1
DA:5,1
DA:6,1
DA:7,1
DA:8,1
DA:9,1
DA:10,1
DA:11,1
DA:12,1
DA:13,1
DA:14,1
DA:15,1
LF:15
LH:15
BRDA:9,0,0,1
BRDA:5,1,0,1
BRF:2
BRH:2
end_of_record
TN:
SF:src/use-cases/categories/create-category-use-case.ts
FN:11,execute
FN:7,CreateCategoryUseCase
FNF:2
FNH:2
FNDA:1,execute
FNDA:1,CreateCategoryUseCase
DA:1,1
DA:2,1
DA:3,1
DA:4,1
DA:5,1
DA:6,1
DA:7,1
DA:8,1
DA:9,1
DA:10,1
DA:11,1
DA:12,1
DA:13,1
DA:14,1
DA:15,1
DA:16,1
DA:17,1
DA:18,1
LF:18
LH:18
BRDA:11,0,0,1
BRDA:7,1,0,1
BRF:2
BRH:2
end_of_record
TN:
SF:src/use-cases/categories/delete-category-use-case.ts
FN:12,delete
FN:8,DeleteCategoryUseCase
FNF:2
FNH:2
FNDA:2,delete
FNDA:1,DeleteCategoryUseCase
DA:1,1
DA:2,1
DA:3,1
DA:4,1
DA:5,1
DA:6,1
DA:7,1
DA:8,1
DA:9,1
DA:10,1
DA:11,1
DA:12,1
DA:13,2
DA:14,1
DA:15,1
DA:16,1
DA:17,1
DA:18,1
DA:19,1
DA:20,1
DA:21,1
LF:21
LH:21
BRDA:12,0,0,2
BRDA:13,1,0,1
BRDA:8,2,0,1
BRF:3
BRH:3
end_of_record
TN:
SF:src/use-cases/categories/list-categories-use-case.ts
FN:8,index
FN:4,ListCategoriesUseCase
FNF:2
FNH:2
FNDA:1,index
FNDA:1,ListCategoriesUseCase
DA:1,1
DA:2,1
DA:3,1
DA:4,1
DA:5,1
DA:6,1
DA:7,1
DA:8,1
DA:9,1
DA:10,1
DA:11,1
DA:12,1
DA:13,1
LF:13
LH:13
BRDA:8,0,0,1
BRDA:4,1,0,1
BRF:2
BRH:2
end_of_record
TN:
SF:src/use-cases/categories/show-category-use-case.ts
FN:12,show
FN:8,ShowCategoryUseCase
FNF:2
FNH:2
FNDA:2,show
FNDA:1,ShowCategoryUseCase
DA:1,1
DA:2,1
DA:3,1
DA:4,1
DA:5,1
DA:6,1
DA:7,1
DA:8,1
DA:9,1
DA:10,1
DA:11,1
DA:12,1
DA:13,2
DA:14,1
DA:15,1
DA:16,1
DA:17,1
DA:18,1
DA:19,1
DA:20,1
DA:21,1
LF:21
LH:21
BRDA:12,0,0,2
BRDA:13,1,0,1
BRDA:8,2,0,1
BRF:3
BRH:3
end_of_record
TN:
SF:src/use-cases/categories/update-category-use-case.ts
FN:13,update
FN:9,UpdateCategoryUseCase
FNF:2
FNH:2
FNDA:3,update
FNDA:1,UpdateCategoryUseCase
DA:1,1
DA:2,1
DA:3,1
DA:4,1
DA:5,1
DA:6,1
DA:7,1
DA:8,1
DA:9,1
DA:10,1
DA:11,1
DA:12,1
DA:13,1
DA:14,3
DA:15,1
DA:16,1
DA:17,3
DA:18,1
DA:19,1
DA:20,1
DA:21,1
DA:22,1
DA:23,1
DA:24,1
DA:25,1
LF:25
LH:25
BRDA:13,0,0,3
BRDA:14,1,0,1
BRDA:17,2,0,2
BRDA:17,3,0,1
BRDA:9,4,0,1
BRF:5
BRH:5
end_of_record
TN:
SF:src/use-cases/orders/create-order-use-case.ts
FN:14,execute
FN:10,CreateOrderUseCase
FNF:2
FNH:2
FNDA:4,execute
FNDA:1,CreateOrderUseCase
DA:1,1
DA:2,1
DA:3,1
DA:4,1
DA:5,1
DA:6,1
DA:7,1
DA:8,1
DA:9,1
DA:10,1
DA:11,1
DA:12,1
DA:13,1
DA:14,1
DA:15,4
DA:16,4
DA:17,1
DA:18,1
DA:19,3
DA:20,4
DA:21,1
DA:22,1
DA:23,2
DA:24,4
DA:25,1
DA:26,1
DA:27,1
DA:28,1
DA:29,1
DA:30,1
DA:31,1
DA:32,1
DA:33,1
DA:34,1
DA:35,1
LF:35
LH:35
BRDA:14,0,0,4
BRDA:16,1,0,1
BRDA:19,2,0,3
BRDA:20,3,0,1
BRDA:23,4,0,2
BRDA:24,5,0,1
BRDA:10,6,0,1
BRF:7
BRH:7
end_of_record
TN:
SF:src/use-cases/orders/delete-order-use-case.ts
FN:12,delete
FN:8,DeleteOrderUseCase
FNF:2
FNH:2
FNDA:2,delete
FNDA:1,DeleteOrderUseCase
DA:1,1
DA:2,1
DA:3,1
DA:4,1
DA:5,1
DA:6,1
DA:7,1
DA:8,1
DA:9,1
DA:10,1
DA:11,1
DA:12,1
DA:13,2
DA:14,2
DA:15,1
DA:16,1
DA:17,1
DA:18,1
DA:19,1
DA:20,1
DA:21,1
DA:22,1
DA:23,1
DA:24,1
LF:24
LH:24
BRDA:12,0,0,2
BRDA:14,1,0,1
BRDA:8,2,0,1
BRF:3
BRH:3
end_of_record
TN:
SF:src/use-cases/orders/list-orders-use-case.ts
FN:9,index
FN:5,ListOrdersUseCase
FNF:2
FNH:2
FNDA:1,index
FNDA:1,ListOrdersUseCase
DA:1,1
DA:2,1
DA:3,1
DA:4,1
DA:5,1
DA:6,1
DA:7,1
DA:8,1
DA:9,1
DA:10,1
DA:11,1
DA:12,1
DA:13,1
DA:14,1
LF:14
LH:14
BRDA:9,0,0,1
BRDA:5,1,0,1
BRF:2
BRH:2
end_of_record
TN:
SF:src/use-cases/orders/show-order-use-case.ts
FN:12,show
FN:8,ShowOrderUseCase
FNF:2
FNH:2
FNDA:2,show
FNDA:1,ShowOrderUseCase
DA:1,1
DA:2,1
DA:3,1
DA:4,1
DA:5,1
DA:6,1
DA:7,1
DA:8,1
DA:9,1
DA:10,1
DA:11,1
DA:12,1
DA:13,2
DA:14,2
DA:15,1
DA:16,1
DA:17,1
DA:18,1
DA:19,1
DA:20,1
DA:21,1
LF:21
LH:21
BRDA:12,0,0,2
BRDA:14,1,0,1
BRDA:8,2,0,1
BRF:3
BRH:3
end_of_record
TN:
SF:src/use-cases/orders/update-order-use-case.ts
FN:15,update
FN:11,UpdateOrderUseCase
FNF:2
FNH:2
FNDA:5,update
FNDA:1,UpdateOrderUseCase
DA:1,1
DA:2,1
DA:3,1
DA:4,1
DA:5,1
DA:6,1
DA:7,1
DA:8,1
DA:9,1
DA:10,1
DA:11,1
DA:12,1
DA:13,1
DA:14,1
DA:15,1
DA:16,5
DA:17,5
DA:18,1
DA:19,1
DA:20,5
DA:21,1
DA:22,1
DA:23,5
DA:24,1
DA:25,1
DA:26,5
DA:27,1
DA:28,1
DA:29,1
DA:30,1
DA:31,1
DA:32,1
DA:33,1
DA:34,1
DA:35,1
DA:36,1
DA:37,1
DA:38,1
LF:38
LH:38
BRDA:15,0,0,5
BRDA:17,1,0,1
BRDA:20,2,0,4
BRDA:20,3,0,1
BRDA:23,4,0,3
BRDA:23,5,0,1
BRDA:26,6,0,2
BRDA:26,7,0,1
BRDA:11,8,0,1
BRF:9
BRH:9
end_of_record
TN:
SF:src/use-cases/patients/create-patient-use-case.ts
FN:13,execute
FN:8,CreatePatientUseCase
FNF:2
FNH:2
FNDA:2,execute
FNDA:1,CreatePatientUseCase
DA:1,1
DA:2,1
DA:3,1
DA:4,1
DA:5,1
DA:6,1
DA:7,1
DA:8,1
DA:9,1
DA:10,1
DA:11,1
DA:12,1
DA:13,1
DA:14,2
DA:15,2
DA:16,1
DA:17,1
DA:18,1
DA:19,1
DA:20,1
DA:21,1
DA:22,1
DA:23,1
DA:24,1
DA:25,1
LF:25
LH:25
BRDA:13,0,0,2
BRDA:15,1,0,1
BRDA:8,2,0,1
BRF:3
BRH:3
end_of_record
TN:
SF:src/use-cases/patients/delete-patient-use-case.ts
FN:12,delete
FN:8,DeletePatientUseCase
FNF:2
FNH:2
FNDA:2,delete
FNDA:1,DeletePatientUseCase
DA:1,1
DA:2,1
DA:3,1
DA:4,1
DA:5,1
DA:6,1
DA:7,1
DA:8,1
DA:9,1
DA:10,1
DA:11,1
DA:12,1
DA:13,2
DA:14,2
DA:15,1
DA:16,1
DA:17,1
DA:18,1
DA:19,1
DA:20,1
LF:20
LH:20
BRDA:12,0,0,2
BRDA:14,1,0,1
BRDA:8,2,0,1
BRF:3
BRH:3
end_of_record
TN:
SF:src/use-cases/patients/list-patients-use-case.ts
FN:8,index
FN:4,ListPatientsUseCase
FNF:2
FNH:2
FNDA:1,index
FNDA:1,ListPatientsUseCase
DA:1,1
DA:2,1
DA:3,1
DA:4,1
DA:5,1
DA:6,1
DA:7,1
DA:8,1
DA:9,1
DA:10,1
DA:11,1
DA:12,1
DA:13,1
LF:13
LH:13
BRDA:8,0,0,1
BRDA:4,1,0,1
BRF:2
BRH:2
end_of_record
TN:
SF:src/use-cases/patients/show-patient-use-case.ts
FN:12,show
FN:8,ShowPatientUseCase
FNF:2
FNH:2
FNDA:2,show
FNDA:1,ShowPatientUseCase
DA:1,1
DA:2,1
DA:3,1
DA:4,1
DA:5,1
DA:6,1
DA:7,1
DA:8,1
DA:9,1
DA:10,1
DA:11,1
DA:12,1
DA:13,2
DA:14,1
DA:15,1
DA:16,1
DA:17,1
DA:18,1
DA:19,1
DA:20,1
DA:21,1
DA:22,1
LF:22
LH:22
BRDA:12,0,0,2
BRDA:13,1,0,1
BRDA:8,2,0,1
BRF:3
BRH:3
end_of_record
TN:
SF:src/use-cases/patients/update-patient-use-case.ts
FN:13,update
FN:9,UpdatePatientUseCase
FNF:2
FNH:2
FNDA:3,update
FNDA:1,UpdatePatientUseCase
DA:1,1
DA:2,1
DA:3,1
DA:4,1
DA:5,1
DA:6,1
DA:7,1
DA:8,1
DA:9,1
DA:10,1
DA:11,1
DA:12,1
DA:13,1
DA:14,3
DA:15,3
DA:16,1
DA:17,1
DA:18,2
DA:19,3
DA:20,1
DA:21,1
DA:22,1
DA:23,1
DA:24,1
DA:25,1
DA:26,1
DA:27,1
DA:28,1
DA:29,1
DA:30,1
LF:30
LH:30
BRDA:13,0,0,3
BRDA:15,1,0,1
BRDA:18,2,0,2
BRDA:19,3,0,1
BRDA:9,4,0,1
BRF:5
BRH:5
end_of_record
